05-12-19 06:48 PM Started
05-12-19 06:58 PM Started
05-12-19 07:02 PM Started
05-12-19 07:04 PM Started
05-12-19 07:08 PM Started
05-12-19 07:08 PM Grandslam-Proyecto-webapp: JDevOJSP: init
05-12-19 07:08 PM Grandslam-Proyecto-webapp: action: init
05-12-19 07:09 PM Grandslam-Proyecto-webapp: 9.0.3.0.0 Started
05-12-19 07:27 PM Grandslam-Proyecto-webapp: JspServlet: No se ha podido distribuir a la página solicitada: oracle.jsp.parse.JspParseException: Número de línea 37,     <html:password property="contraseña" styleClass="form-control" value=="fasa"/> 
Error: Se esperaba un valor entre comillas pero se ha obtenido un carácter: =
	boolean oracle.jsp.parse.JspParseTag.getAttributeValue(oracle.jsp.parse.JspParseState)
		JspParseTag.java:364
	void oracle.jsp.parse.JspParseTag.parse(oracle.jsp.parse.JspParseState)
		JspParseTag.java:884
	void oracle.jsp.parse.OpenJspTagHandler.parse(oracle.jsp.parse.JspParseState)
		OpenJspTagHandler.java:614
	oracle.jsp.parse.JspParseTag oracle.jsp.parse.JspParseTag.parseNextTag(oracle.jsp.parse.JspParseState)
		JspParseTag.java:686
	void oracle.jsp.parse.JspParseTag.parseBody(oracle.jsp.parse.JspParseState)
		JspParseTag.java:795
	void oracle.jsp.parse.OpenJspTagHandler.parseBody(oracle.jsp.parse.JspParseState)
		OpenJspTagHandler.java:495
	void oracle.jsp.parse.JspParseTag.parse(oracle.jsp.parse.JspParseState)
		JspParseTag.java:910
	void oracle.jsp.parse.OpenJspTagHandler.parse(oracle.jsp.parse.JspParseState)
		OpenJspTagHandler.java:614
	oracle.jsp.parse.JspParseTag oracle.jsp.parse.JspParseTag.parseNextTag(oracle.jsp.parse.JspParseState)
		JspParseTag.java:686
	void oracle.jsp.parse.JspParseTagFile.parse(oracle.jsp.parse.JspParseState)
		JspParseTagFile.java:181
	int oracle.jsp.parse.OracleJsp2Java.transform(oracle.jsp.parse.Jsp2JavaParms, java.io.Reader, java.io.Writer, java.io.OutputStream, int)
		OracleJsp2Java.java:150
	long oracle.jsp.runtimev2.JspPageCompiler.attemptCompilePage(oracle.jsp.runtimev2.JspPageTable, oracle.jsp.provider.JspResourceProvider, oracle.jsp.provider.JspResourceProvider, oracle.jsp.provider.JspClassProvider, javax.servlet.http.HttpServletRequest, java.lang.String, java.lang.String, boolean)
		JspPageCompiler.java:400
	long oracle.jsp.runtimev2.JspPageCompiler.compilePage(oracle.jsp.runtimev2.JspPageTable, oracle.jsp.provider.JspResourceProvider, oracle.jsp.provider.JspResourceProvider, oracle.jsp.provider.JspClassProvider, javax.servlet.http.HttpServletRequest, javax.servlet.http.HttpServletResponse, java.lang.String, java.lang.String)
		JspPageCompiler.java:245
	oracle.jsp.runtimev2.JspPageInstFacade oracle.jsp.runtimev2.JspPageInfo.compileAndLoad(javax.servlet.http.HttpServletRequest, javax.servlet.http.HttpServletResponse, oracle.jsp.runtimev2.JspPageCompiler, oracle.jsp.provider.JspResourceProvider, oracle.jsp.provider.JspClassProvider)
		JspPageInfo.java:427
	void oracle.jsp.runtimev2.JspPageTable.compileAndServe(oracle.jsp.runtimev2.JspPageInfo, javax.servlet.http.HttpServletRequest, javax.servlet.http.HttpServletResponse)
		JspPageTable.java:510
	void oracle.jsp.runtimev2.JspPageTable.service(javax.servlet.http.HttpServletRequest, javax.servlet.http.HttpServletResponse, java.lang.String)
		JspPageTable.java:272
	void oracle.jsp.runtimev2.JspServlet.internalService(javax.servlet.http.HttpServletRequest, javax.servlet.http.HttpServletResponse)
		JspServlet.java:465
	void oracle.jsp.runtimev2.JspServlet.service(javax.servlet.http.HttpServletRequest, javax.servlet.http.HttpServletResponse)
		JspServlet.java:379
	void javax.servlet.http.HttpServlet.service(javax.servlet.ServletRequest, javax.servlet.ServletResponse)
		HttpServlet.java:853
	void com.evermind.server.http.ServletRequestDispatcher.invoke(javax.servlet.ServletRequest, javax.servlet.ServletResponse)
		ServletRequestDispatcher.java:721
	void com.evermind.server.http.ServletRequestDispatcher.forwardInternal(javax.servlet.ServletRequest, javax.servlet.http.HttpServletResponse)
		ServletRequestDispatcher.java:306
	boolean com.evermind.server.http.HttpRequestHandler.processRequest(com.evermind.server.ApplicationServerThread, com.evermind.server.http.EvermindHttpServletRequest, com.evermind.server.http.EvermindHttpServletResponse, java.io.InputStream, java.io.OutputStream, boolean)
		HttpRequestHandler.java:767
	void com.evermind.server.http.HttpRequestHandler.run(java.lang.Thread)
		HttpRequestHandler.java:259
	void com.evermind.server.http.HttpRequestHandler.run()
		HttpRequestHandler.java:106
	void EDU.oswego.cs.dl.util.concurrent.PooledExecutor$Worker.run()
		PooledExecutor.java:803
	void java.lang.Thread.run()
		Thread.java:484

05-12-19 07:28 PM Grandslam-Proyecto-webapp: JspServlet: No se ha podido distribuir a la página solicitada: oracle.jsp.parse.JspParseException: Número de línea 37,     <html:password property="contraseña" styleClass="form-control" value=="1"/> 
Error: Se esperaba un valor entre comillas pero se ha obtenido un carácter: =
	boolean oracle.jsp.parse.JspParseTag.getAttributeValue(oracle.jsp.parse.JspParseState)
		JspParseTag.java:364
	void oracle.jsp.parse.JspParseTag.parse(oracle.jsp.parse.JspParseState)
		JspParseTag.java:884
	void oracle.jsp.parse.OpenJspTagHandler.parse(oracle.jsp.parse.JspParseState)
		OpenJspTagHandler.java:614
	oracle.jsp.parse.JspParseTag oracle.jsp.parse.JspParseTag.parseNextTag(oracle.jsp.parse.JspParseState)
		JspParseTag.java:686
	void oracle.jsp.parse.JspParseTag.parseBody(oracle.jsp.parse.JspParseState)
		JspParseTag.java:795
	void oracle.jsp.parse.OpenJspTagHandler.parseBody(oracle.jsp.parse.JspParseState)
		OpenJspTagHandler.java:495
	void oracle.jsp.parse.JspParseTag.parse(oracle.jsp.parse.JspParseState)
		JspParseTag.java:910
	void oracle.jsp.parse.OpenJspTagHandler.parse(oracle.jsp.parse.JspParseState)
		OpenJspTagHandler.java:614
	oracle.jsp.parse.JspParseTag oracle.jsp.parse.JspParseTag.parseNextTag(oracle.jsp.parse.JspParseState)
		JspParseTag.java:686
	void oracle.jsp.parse.JspParseTagFile.parse(oracle.jsp.parse.JspParseState)
		JspParseTagFile.java:181
	int oracle.jsp.parse.OracleJsp2Java.transform(oracle.jsp.parse.Jsp2JavaParms, java.io.Reader, java.io.Writer, java.io.OutputStream, int)
		OracleJsp2Java.java:150
	long oracle.jsp.runtimev2.JspPageCompiler.attemptCompilePage(oracle.jsp.runtimev2.JspPageTable, oracle.jsp.provider.JspResourceProvider, oracle.jsp.provider.JspResourceProvider, oracle.jsp.provider.JspClassProvider, javax.servlet.http.HttpServletRequest, java.lang.String, java.lang.String, boolean)
		JspPageCompiler.java:400
	long oracle.jsp.runtimev2.JspPageCompiler.compilePage(oracle.jsp.runtimev2.JspPageTable, oracle.jsp.provider.JspResourceProvider, oracle.jsp.provider.JspResourceProvider, oracle.jsp.provider.JspClassProvider, javax.servlet.http.HttpServletRequest, javax.servlet.http.HttpServletResponse, java.lang.String, java.lang.String)
		JspPageCompiler.java:245
	oracle.jsp.runtimev2.JspPageInstFacade oracle.jsp.runtimev2.JspPageInfo.compileAndLoad(javax.servlet.http.HttpServletRequest, javax.servlet.http.HttpServletResponse, oracle.jsp.runtimev2.JspPageCompiler, oracle.jsp.provider.JspResourceProvider, oracle.jsp.provider.JspClassProvider)
		JspPageInfo.java:427
	void oracle.jsp.runtimev2.JspPageTable.compileAndServe(oracle.jsp.runtimev2.JspPageInfo, javax.servlet.http.HttpServletRequest, javax.servlet.http.HttpServletResponse)
		JspPageTable.java:510
	void oracle.jsp.runtimev2.JspPageTable.service(javax.servlet.http.HttpServletRequest, javax.servlet.http.HttpServletResponse, java.lang.String)
		JspPageTable.java:272
	void oracle.jsp.runtimev2.JspServlet.internalService(javax.servlet.http.HttpServletRequest, javax.servlet.http.HttpServletResponse)
		JspServlet.java:465
	void oracle.jsp.runtimev2.JspServlet.service(javax.servlet.http.HttpServletRequest, javax.servlet.http.HttpServletResponse)
		JspServlet.java:379
	void javax.servlet.http.HttpServlet.service(javax.servlet.ServletRequest, javax.servlet.ServletResponse)
		HttpServlet.java:853
	void com.evermind.server.http.ServletRequestDispatcher.invoke(javax.servlet.ServletRequest, javax.servlet.ServletResponse)
		ServletRequestDispatcher.java:721
	void com.evermind.server.http.ServletRequestDispatcher.forwardInternal(javax.servlet.ServletRequest, javax.servlet.http.HttpServletResponse)
		ServletRequestDispatcher.java:306
	boolean com.evermind.server.http.HttpRequestHandler.processRequest(com.evermind.server.ApplicationServerThread, com.evermind.server.http.EvermindHttpServletRequest, com.evermind.server.http.EvermindHttpServletResponse, java.io.InputStream, java.io.OutputStream, boolean)
		HttpRequestHandler.java:767
	void com.evermind.server.http.HttpRequestHandler.run(java.lang.Thread)
		HttpRequestHandler.java:259
	void com.evermind.server.http.HttpRequestHandler.run()
		HttpRequestHandler.java:106
	void EDU.oswego.cs.dl.util.concurrent.PooledExecutor$Worker.run()
		PooledExecutor.java:803
	void java.lang.Thread.run()
		Thread.java:484

05-12-19 07:28 PM Grandslam-Proyecto-webapp: JspServlet: No se ha podido distribuir a la página solicitada: oracle.jsp.parse.JspParseException: Número de línea 37,     <html:password property="contraseña" styleClass="form-control" value=="1"/> 
Error: Se esperaba un valor entre comillas pero se ha obtenido un carácter: =
	boolean oracle.jsp.parse.JspParseTag.getAttributeValue(oracle.jsp.parse.JspParseState)
		JspParseTag.java:364
	void oracle.jsp.parse.JspParseTag.parse(oracle.jsp.parse.JspParseState)
		JspParseTag.java:884
	void oracle.jsp.parse.OpenJspTagHandler.parse(oracle.jsp.parse.JspParseState)
		OpenJspTagHandler.java:614
	oracle.jsp.parse.JspParseTag oracle.jsp.parse.JspParseTag.parseNextTag(oracle.jsp.parse.JspParseState)
		JspParseTag.java:686
	void oracle.jsp.parse.JspParseTag.parseBody(oracle.jsp.parse.JspParseState)
		JspParseTag.java:795
	void oracle.jsp.parse.OpenJspTagHandler.parseBody(oracle.jsp.parse.JspParseState)
		OpenJspTagHandler.java:495
	void oracle.jsp.parse.JspParseTag.parse(oracle.jsp.parse.JspParseState)
		JspParseTag.java:910
	void oracle.jsp.parse.OpenJspTagHandler.parse(oracle.jsp.parse.JspParseState)
		OpenJspTagHandler.java:614
	oracle.jsp.parse.JspParseTag oracle.jsp.parse.JspParseTag.parseNextTag(oracle.jsp.parse.JspParseState)
		JspParseTag.java:686
	void oracle.jsp.parse.JspParseTagFile.parse(oracle.jsp.parse.JspParseState)
		JspParseTagFile.java:181
	int oracle.jsp.parse.OracleJsp2Java.transform(oracle.jsp.parse.Jsp2JavaParms, java.io.Reader, java.io.Writer, java.io.OutputStream, int)
		OracleJsp2Java.java:150
	long oracle.jsp.runtimev2.JspPageCompiler.attemptCompilePage(oracle.jsp.runtimev2.JspPageTable, oracle.jsp.provider.JspResourceProvider, oracle.jsp.provider.JspResourceProvider, oracle.jsp.provider.JspClassProvider, javax.servlet.http.HttpServletRequest, java.lang.String, java.lang.String, boolean)
		JspPageCompiler.java:400
	long oracle.jsp.runtimev2.JspPageCompiler.compilePage(oracle.jsp.runtimev2.JspPageTable, oracle.jsp.provider.JspResourceProvider, oracle.jsp.provider.JspResourceProvider, oracle.jsp.provider.JspClassProvider, javax.servlet.http.HttpServletRequest, javax.servlet.http.HttpServletResponse, java.lang.String, java.lang.String)
		JspPageCompiler.java:245
	oracle.jsp.runtimev2.JspPageInstFacade oracle.jsp.runtimev2.JspPageInfo.compileAndLoad(javax.servlet.http.HttpServletRequest, javax.servlet.http.HttpServletResponse, oracle.jsp.runtimev2.JspPageCompiler, oracle.jsp.provider.JspResourceProvider, oracle.jsp.provider.JspClassProvider)
		JspPageInfo.java:427
	void oracle.jsp.runtimev2.JspPageTable.compileAndServe(oracle.jsp.runtimev2.JspPageInfo, javax.servlet.http.HttpServletRequest, javax.servlet.http.HttpServletResponse)
		JspPageTable.java:510
	void oracle.jsp.runtimev2.JspPageTable.service(javax.servlet.http.HttpServletRequest, javax.servlet.http.HttpServletResponse, java.lang.String)
		JspPageTable.java:272
	void oracle.jsp.runtimev2.JspServlet.internalService(javax.servlet.http.HttpServletRequest, javax.servlet.http.HttpServletResponse)
		JspServlet.java:465
	void oracle.jsp.runtimev2.JspServlet.service(javax.servlet.http.HttpServletRequest, javax.servlet.http.HttpServletResponse)
		JspServlet.java:379
	void javax.servlet.http.HttpServlet.service(javax.servlet.ServletRequest, javax.servlet.ServletResponse)
		HttpServlet.java:853
	void com.evermind.server.http.ServletRequestDispatcher.invoke(javax.servlet.ServletRequest, javax.servlet.ServletResponse)
		ServletRequestDispatcher.java:721
	void com.evermind.server.http.ServletRequestDispatcher.forwardInternal(javax.servlet.ServletRequest, javax.servlet.http.HttpServletResponse)
		ServletRequestDispatcher.java:306
	boolean com.evermind.server.http.HttpRequestHandler.processRequest(com.evermind.server.ApplicationServerThread, com.evermind.server.http.EvermindHttpServletRequest, com.evermind.server.http.EvermindHttpServletResponse, java.io.InputStream, java.io.OutputStream, boolean)
		HttpRequestHandler.java:767
	void com.evermind.server.http.HttpRequestHandler.run(java.lang.Thread)
		HttpRequestHandler.java:259
	void com.evermind.server.http.HttpRequestHandler.run()
		HttpRequestHandler.java:106
	void EDU.oswego.cs.dl.util.concurrent.PooledExecutor$Worker.run()
		PooledExecutor.java:803
	void java.lang.Thread.run()
		Thread.java:484

05-12-19 07:28 PM Grandslam-Proyecto-webapp: JspServlet: No se ha podido distribuir a la página solicitada: oracle.jsp.parse.JspParseException: Número de línea 37,     <html:password property="contraseña" styleClass="form-control" value=="1"/> 
Error: Se esperaba un valor entre comillas pero se ha obtenido un carácter: =
	boolean oracle.jsp.parse.JspParseTag.getAttributeValue(oracle.jsp.parse.JspParseState)
		JspParseTag.java:364
	void oracle.jsp.parse.JspParseTag.parse(oracle.jsp.parse.JspParseState)
		JspParseTag.java:884
	void oracle.jsp.parse.OpenJspTagHandler.parse(oracle.jsp.parse.JspParseState)
		OpenJspTagHandler.java:614
	oracle.jsp.parse.JspParseTag oracle.jsp.parse.JspParseTag.parseNextTag(oracle.jsp.parse.JspParseState)
		JspParseTag.java:686
	void oracle.jsp.parse.JspParseTag.parseBody(oracle.jsp.parse.JspParseState)
		JspParseTag.java:795
	void oracle.jsp.parse.OpenJspTagHandler.parseBody(oracle.jsp.parse.JspParseState)
		OpenJspTagHandler.java:495
	void oracle.jsp.parse.JspParseTag.parse(oracle.jsp.parse.JspParseState)
		JspParseTag.java:910
	void oracle.jsp.parse.OpenJspTagHandler.parse(oracle.jsp.parse.JspParseState)
		OpenJspTagHandler.java:614
	oracle.jsp.parse.JspParseTag oracle.jsp.parse.JspParseTag.parseNextTag(oracle.jsp.parse.JspParseState)
		JspParseTag.java:686
	void oracle.jsp.parse.JspParseTagFile.parse(oracle.jsp.parse.JspParseState)
		JspParseTagFile.java:181
	int oracle.jsp.parse.OracleJsp2Java.transform(oracle.jsp.parse.Jsp2JavaParms, java.io.Reader, java.io.Writer, java.io.OutputStream, int)
		OracleJsp2Java.java:150
	long oracle.jsp.runtimev2.JspPageCompiler.attemptCompilePage(oracle.jsp.runtimev2.JspPageTable, oracle.jsp.provider.JspResourceProvider, oracle.jsp.provider.JspResourceProvider, oracle.jsp.provider.JspClassProvider, javax.servlet.http.HttpServletRequest, java.lang.String, java.lang.String, boolean)
		JspPageCompiler.java:400
	long oracle.jsp.runtimev2.JspPageCompiler.compilePage(oracle.jsp.runtimev2.JspPageTable, oracle.jsp.provider.JspResourceProvider, oracle.jsp.provider.JspResourceProvider, oracle.jsp.provider.JspClassProvider, javax.servlet.http.HttpServletRequest, javax.servlet.http.HttpServletResponse, java.lang.String, java.lang.String)
		JspPageCompiler.java:245
	oracle.jsp.runtimev2.JspPageInstFacade oracle.jsp.runtimev2.JspPageInfo.compileAndLoad(javax.servlet.http.HttpServletRequest, javax.servlet.http.HttpServletResponse, oracle.jsp.runtimev2.JspPageCompiler, oracle.jsp.provider.JspResourceProvider, oracle.jsp.provider.JspClassProvider)
		JspPageInfo.java:427
	void oracle.jsp.runtimev2.JspPageTable.compileAndServe(oracle.jsp.runtimev2.JspPageInfo, javax.servlet.http.HttpServletRequest, javax.servlet.http.HttpServletResponse)
		JspPageTable.java:510
	void oracle.jsp.runtimev2.JspPageTable.service(javax.servlet.http.HttpServletRequest, javax.servlet.http.HttpServletResponse, java.lang.String)
		JspPageTable.java:272
	void oracle.jsp.runtimev2.JspServlet.internalService(javax.servlet.http.HttpServletRequest, javax.servlet.http.HttpServletResponse)
		JspServlet.java:465
	void oracle.jsp.runtimev2.JspServlet.service(javax.servlet.http.HttpServletRequest, javax.servlet.http.HttpServletResponse)
		JspServlet.java:379
	void javax.servlet.http.HttpServlet.service(javax.servlet.ServletRequest, javax.servlet.ServletResponse)
		HttpServlet.java:853
	void com.evermind.server.http.ServletRequestDispatcher.invoke(javax.servlet.ServletRequest, javax.servlet.ServletResponse)
		ServletRequestDispatcher.java:721
	void com.evermind.server.http.ServletRequestDispatcher.forwardInternal(javax.servlet.ServletRequest, javax.servlet.http.HttpServletResponse)
		ServletRequestDispatcher.java:306
	boolean com.evermind.server.http.HttpRequestHandler.processRequest(com.evermind.server.ApplicationServerThread, com.evermind.server.http.EvermindHttpServletRequest, com.evermind.server.http.EvermindHttpServletResponse, java.io.InputStream, java.io.OutputStream, boolean)
		HttpRequestHandler.java:767
	void com.evermind.server.http.HttpRequestHandler.run(java.lang.Thread)
		HttpRequestHandler.java:259
	void com.evermind.server.http.HttpRequestHandler.run()
		HttpRequestHandler.java:106
	void EDU.oswego.cs.dl.util.concurrent.PooledExecutor$Worker.run()
		PooledExecutor.java:803
	void java.lang.Thread.run()
		Thread.java:484

05-12-19 07:29 PM Grandslam-Proyecto-webapp: Servlet error
javax.servlet.jsp.JspException: Cannot find bean saasd in any scope
	java.lang.Object org.apache.struts.util.RequestUtils.lookup(javax.servlet.jsp.PageContext, java.lang.String, java.lang.String, java.lang.String)
		RequestUtils.java:714
	int org.apache.struts.taglib.html.BaseFieldTag.doStartTag()
		BaseFieldTag.java:193
	void _login._jspService(javax.servlet.http.HttpServletRequest, javax.servlet.http.HttpServletResponse)
		login.jsp:37
	void com.orionserver[Oracle9iAS (9.0.3.0.0) Containers for J2EE].http.OrionHttpJspPage.service(javax.servlet.ServletRequest, javax.servlet.ServletResponse)
		OrionHttpJspPage.java:56
	void oracle.jsp.runtimev2.JspPageTable.compileAndServe(oracle.jsp.runtimev2.JspPageInfo, javax.servlet.http.HttpServletRequest, javax.servlet.http.HttpServletResponse)
		JspPageTable.java:537
	void oracle.jsp.runtimev2.JspPageTable.service(javax.servlet.http.HttpServletRequest, javax.servlet.http.HttpServletResponse, java.lang.String)
		JspPageTable.java:272
	void oracle.jsp.runtimev2.JspServlet.internalService(javax.servlet.http.HttpServletRequest, javax.servlet.http.HttpServletResponse)
		JspServlet.java:465
	void oracle.jsp.runtimev2.JspServlet.service(javax.servlet.http.HttpServletRequest, javax.servlet.http.HttpServletResponse)
		JspServlet.java:379
	void javax.servlet.http.HttpServlet.service(javax.servlet.ServletRequest, javax.servlet.ServletResponse)
		HttpServlet.java:853
	void com.evermind[Oracle9iAS (9.0.3.0.0) Containers for J2EE].server.http.ServletRequestDispatcher.invoke(javax.servlet.ServletRequest, javax.servlet.ServletResponse)
		ServletRequestDispatcher.java:721
	void com.evermind[Oracle9iAS (9.0.3.0.0) Containers for J2EE].server.http.ServletRequestDispatcher.forwardInternal(javax.servlet.ServletRequest, javax.servlet.http.HttpServletResponse)
		ServletRequestDispatcher.java:306
	boolean com.evermind[Oracle9iAS (9.0.3.0.0) Containers for J2EE].server.http.HttpRequestHandler.processRequest(com.evermind[Oracle9iAS (9.0.3.0.0) Containers for J2EE].server.ApplicationServerThread, com.evermind[Oracle9iAS (9.0.3.0.0) Containers for J2EE].server.http.EvermindHttpServletRequest, com.evermind[Oracle9iAS (9.0.3.0.0) Containers for J2EE].server.http.EvermindHttpServletResponse, java.io.InputStream, java.io.OutputStream, boolean)
		HttpRequestHandler.java:767
	void com.evermind[Oracle9iAS (9.0.3.0.0) Containers for J2EE].server.http.HttpRequestHandler.run(java.lang.Thread)
		HttpRequestHandler.java:259
	void com.evermind[Oracle9iAS (9.0.3.0.0) Containers for J2EE].server.http.HttpRequestHandler.run()
		HttpRequestHandler.java:106
	void EDU.oswego.cs.dl.util.concurrent.PooledExecutor$Worker.run()
		PooledExecutor.java:803
	void java.lang.Thread.run()
		Thread.java:484
05-12-19 07:29 PM Grandslam-Proyecto-webapp: Servlet error
javax.servlet.jsp.JspException: Cannot find bean contraseña in any scope
	java.lang.Object org.apache.struts.util.RequestUtils.lookup(javax.servlet.jsp.PageContext, java.lang.String, java.lang.String, java.lang.String)
		RequestUtils.java:714
	int org.apache.struts.taglib.html.BaseFieldTag.doStartTag()
		BaseFieldTag.java:193
	void _login._jspService(javax.servlet.http.HttpServletRequest, javax.servlet.http.HttpServletResponse)
		login.jsp:37
	void com.orionserver[Oracle9iAS (9.0.3.0.0) Containers for J2EE].http.OrionHttpJspPage.service(javax.servlet.ServletRequest, javax.servlet.ServletResponse)
		OrionHttpJspPage.java:56
	void oracle.jsp.runtimev2.JspPageTable.compileAndServe(oracle.jsp.runtimev2.JspPageInfo, javax.servlet.http.HttpServletRequest, javax.servlet.http.HttpServletResponse)
		JspPageTable.java:537
	void oracle.jsp.runtimev2.JspPageTable.service(javax.servlet.http.HttpServletRequest, javax.servlet.http.HttpServletResponse, java.lang.String)
		JspPageTable.java:272
	void oracle.jsp.runtimev2.JspServlet.internalService(javax.servlet.http.HttpServletRequest, javax.servlet.http.HttpServletResponse)
		JspServlet.java:465
	void oracle.jsp.runtimev2.JspServlet.service(javax.servlet.http.HttpServletRequest, javax.servlet.http.HttpServletResponse)
		JspServlet.java:379
	void javax.servlet.http.HttpServlet.service(javax.servlet.ServletRequest, javax.servlet.ServletResponse)
		HttpServlet.java:853
	void com.evermind[Oracle9iAS (9.0.3.0.0) Containers for J2EE].server.http.ServletRequestDispatcher.invoke(javax.servlet.ServletRequest, javax.servlet.ServletResponse)
		ServletRequestDispatcher.java:721
	void com.evermind[Oracle9iAS (9.0.3.0.0) Containers for J2EE].server.http.ServletRequestDispatcher.forwardInternal(javax.servlet.ServletRequest, javax.servlet.http.HttpServletResponse)
		ServletRequestDispatcher.java:306
	boolean com.evermind[Oracle9iAS (9.0.3.0.0) Containers for J2EE].server.http.HttpRequestHandler.processRequest(com.evermind[Oracle9iAS (9.0.3.0.0) Containers for J2EE].server.ApplicationServerThread, com.evermind[Oracle9iAS (9.0.3.0.0) Containers for J2EE].server.http.EvermindHttpServletRequest, com.evermind[Oracle9iAS (9.0.3.0.0) Containers for J2EE].server.http.EvermindHttpServletResponse, java.io.InputStream, java.io.OutputStream, boolean)
		HttpRequestHandler.java:767
	void com.evermind[Oracle9iAS (9.0.3.0.0) Containers for J2EE].server.http.HttpRequestHandler.run(java.lang.Thread)
		HttpRequestHandler.java:259
	void com.evermind[Oracle9iAS (9.0.3.0.0) Containers for J2EE].server.http.HttpRequestHandler.run()
		HttpRequestHandler.java:106
	void EDU.oswego.cs.dl.util.concurrent.PooledExecutor$Worker.run()
		PooledExecutor.java:803
	void java.lang.Thread.run()
		Thread.java:484
05-12-19 07:29 PM Grandslam-Proyecto-webapp: Servlet error
javax.servlet.jsp.JspException: Cannot find bean contraseña.prompt in any scope
	java.lang.Object org.apache.struts.util.RequestUtils.lookup(javax.servlet.jsp.PageContext, java.lang.String, java.lang.String, java.lang.String)
		RequestUtils.java:714
	int org.apache.struts.taglib.html.BaseFieldTag.doStartTag()
		BaseFieldTag.java:193
	void _login._jspService(javax.servlet.http.HttpServletRequest, javax.servlet.http.HttpServletResponse)
		login.jsp:37
	void com.orionserver[Oracle9iAS (9.0.3.0.0) Containers for J2EE].http.OrionHttpJspPage.service(javax.servlet.ServletRequest, javax.servlet.ServletResponse)
		OrionHttpJspPage.java:56
	void oracle.jsp.runtimev2.JspPageTable.compileAndServe(oracle.jsp.runtimev2.JspPageInfo, javax.servlet.http.HttpServletRequest, javax.servlet.http.HttpServletResponse)
		JspPageTable.java:537
	void oracle.jsp.runtimev2.JspPageTable.service(javax.servlet.http.HttpServletRequest, javax.servlet.http.HttpServletResponse, java.lang.String)
		JspPageTable.java:272
	void oracle.jsp.runtimev2.JspServlet.internalService(javax.servlet.http.HttpServletRequest, javax.servlet.http.HttpServletResponse)
		JspServlet.java:465
	void oracle.jsp.runtimev2.JspServlet.service(javax.servlet.http.HttpServletRequest, javax.servlet.http.HttpServletResponse)
		JspServlet.java:379
	void javax.servlet.http.HttpServlet.service(javax.servlet.ServletRequest, javax.servlet.ServletResponse)
		HttpServlet.java:853
	void com.evermind[Oracle9iAS (9.0.3.0.0) Containers for J2EE].server.http.ServletRequestDispatcher.invoke(javax.servlet.ServletRequest, javax.servlet.ServletResponse)
		ServletRequestDispatcher.java:721
	void com.evermind[Oracle9iAS (9.0.3.0.0) Containers for J2EE].server.http.ServletRequestDispatcher.forwardInternal(javax.servlet.ServletRequest, javax.servlet.http.HttpServletResponse)
		ServletRequestDispatcher.java:306
	boolean com.evermind[Oracle9iAS (9.0.3.0.0) Containers for J2EE].server.http.HttpRequestHandler.processRequest(com.evermind[Oracle9iAS (9.0.3.0.0) Containers for J2EE].server.ApplicationServerThread, com.evermind[Oracle9iAS (9.0.3.0.0) Containers for J2EE].server.http.EvermindHttpServletRequest, com.evermind[Oracle9iAS (9.0.3.0.0) Containers for J2EE].server.http.EvermindHttpServletResponse, java.io.InputStream, java.io.OutputStream, boolean)
		HttpRequestHandler.java:767
	void com.evermind[Oracle9iAS (9.0.3.0.0) Containers for J2EE].server.http.HttpRequestHandler.run(java.lang.Thread)
		HttpRequestHandler.java:259
	void com.evermind[Oracle9iAS (9.0.3.0.0) Containers for J2EE].server.http.HttpRequestHandler.run()
		HttpRequestHandler.java:106
	void EDU.oswego.cs.dl.util.concurrent.PooledExecutor$Worker.run()
		PooledExecutor.java:803
	void java.lang.Thread.run()
		Thread.java:484
05-12-19 07:32 PM Grandslam-Proyecto-webapp: JspServlet: No se ha podido distribuir a la página solicitada: oracle.jsp.parse.JspParseException: Número de línea 35,     <html:password property="contraseña" styleClass="form-control" placeholder="some text" /> 
Error: El atributo: placeholder no es un nombre de atributo válido
	void oracle.jsp.parse.OpenJspTagHandler.processAttributeValue(oracle.jsp.parse.JspParseState, int, java.lang.String, java.lang.String)
		OpenJspTagHandler.java:278
	void oracle.jsp.parse.JspParseTag.parse(oracle.jsp.parse.JspParseState)
		JspParseTag.java:887
	void oracle.jsp.parse.OpenJspTagHandler.parse(oracle.jsp.parse.JspParseState)
		OpenJspTagHandler.java:614
	oracle.jsp.parse.JspParseTag oracle.jsp.parse.JspParseTag.parseNextTag(oracle.jsp.parse.JspParseState)
		JspParseTag.java:686
	void oracle.jsp.parse.JspParseTag.parseBody(oracle.jsp.parse.JspParseState)
		JspParseTag.java:795
	void oracle.jsp.parse.OpenJspTagHandler.parseBody(oracle.jsp.parse.JspParseState)
		OpenJspTagHandler.java:495
	void oracle.jsp.parse.JspParseTag.parse(oracle.jsp.parse.JspParseState)
		JspParseTag.java:910
	void oracle.jsp.parse.OpenJspTagHandler.parse(oracle.jsp.parse.JspParseState)
		OpenJspTagHandler.java:614
	oracle.jsp.parse.JspParseTag oracle.jsp.parse.JspParseTag.parseNextTag(oracle.jsp.parse.JspParseState)
		JspParseTag.java:686
	void oracle.jsp.parse.JspParseTagFile.parse(oracle.jsp.parse.JspParseState)
		JspParseTagFile.java:181
	int oracle.jsp.parse.OracleJsp2Java.transform(oracle.jsp.parse.Jsp2JavaParms, java.io.Reader, java.io.Writer, java.io.OutputStream, int)
		OracleJsp2Java.java:150
	long oracle.jsp.runtimev2.JspPageCompiler.attemptCompilePage(oracle.jsp.runtimev2.JspPageTable, oracle.jsp.provider.JspResourceProvider, oracle.jsp.provider.JspResourceProvider, oracle.jsp.provider.JspClassProvider, javax.servlet.http.HttpServletRequest, java.lang.String, java.lang.String, boolean)
		JspPageCompiler.java:400
	long oracle.jsp.runtimev2.JspPageCompiler.compilePage(oracle.jsp.runtimev2.JspPageTable, oracle.jsp.provider.JspResourceProvider, oracle.jsp.provider.JspResourceProvider, oracle.jsp.provider.JspClassProvider, javax.servlet.http.HttpServletRequest, javax.servlet.http.HttpServletResponse, java.lang.String, java.lang.String)
		JspPageCompiler.java:245
	oracle.jsp.runtimev2.JspPageInstFacade oracle.jsp.runtimev2.JspPageInfo.compileAndLoad(javax.servlet.http.HttpServletRequest, javax.servlet.http.HttpServletResponse, oracle.jsp.runtimev2.JspPageCompiler, oracle.jsp.provider.JspResourceProvider, oracle.jsp.provider.JspClassProvider)
		JspPageInfo.java:427
	void oracle.jsp.runtimev2.JspPageTable.compileAndServe(oracle.jsp.runtimev2.JspPageInfo, javax.servlet.http.HttpServletRequest, javax.servlet.http.HttpServletResponse)
		JspPageTable.java:510
	void oracle.jsp.runtimev2.JspPageTable.service(javax.servlet.http.HttpServletRequest, javax.servlet.http.HttpServletResponse, java.lang.String)
		JspPageTable.java:272
	void oracle.jsp.runtimev2.JspServlet.internalService(javax.servlet.http.HttpServletRequest, javax.servlet.http.HttpServletResponse)
		JspServlet.java:465
	void oracle.jsp.runtimev2.JspServlet.service(javax.servlet.http.HttpServletRequest, javax.servlet.http.HttpServletResponse)
		JspServlet.java:379
	void javax.servlet.http.HttpServlet.service(javax.servlet.ServletRequest, javax.servlet.ServletResponse)
		HttpServlet.java:853
	void com.evermind.server.http.ServletRequestDispatcher.invoke(javax.servlet.ServletRequest, javax.servlet.ServletResponse)
		ServletRequestDispatcher.java:721
	void com.evermind.server.http.ServletRequestDispatcher.forwardInternal(javax.servlet.ServletRequest, javax.servlet.http.HttpServletResponse)
		ServletRequestDispatcher.java:306
	boolean com.evermind.server.http.HttpRequestHandler.processRequest(com.evermind.server.ApplicationServerThread, com.evermind.server.http.EvermindHttpServletRequest, com.evermind.server.http.EvermindHttpServletResponse, java.io.InputStream, java.io.OutputStream, boolean)
		HttpRequestHandler.java:767
	void com.evermind.server.http.HttpRequestHandler.run(java.lang.Thread)
		HttpRequestHandler.java:259
	void com.evermind.server.http.HttpRequestHandler.run()
		HttpRequestHandler.java:106
	void EDU.oswego.cs.dl.util.concurrent.PooledExecutor$Worker.run()
		PooledExecutor.java:803
	void java.lang.Thread.run()
		Thread.java:484

05-12-19 07:42 PM Grandslam-Proyecto-webapp: JspServlet: No se ha podido distribuir a la página solicitada: oracle.jsp.parse.JspParseException: Número de línea 35,     <html:password property="contraseña" styleClass="form-control" placeholder="some text" /> 
Error: El atributo: placeholder no es un nombre de atributo válido
	void oracle.jsp.parse.OpenJspTagHandler.processAttributeValue(oracle.jsp.parse.JspParseState, int, java.lang.String, java.lang.String)
		OpenJspTagHandler.java:278
	void oracle.jsp.parse.JspParseTag.parse(oracle.jsp.parse.JspParseState)
		JspParseTag.java:887
	void oracle.jsp.parse.OpenJspTagHandler.parse(oracle.jsp.parse.JspParseState)
		OpenJspTagHandler.java:614
	oracle.jsp.parse.JspParseTag oracle.jsp.parse.JspParseTag.parseNextTag(oracle.jsp.parse.JspParseState)
		JspParseTag.java:686
	void oracle.jsp.parse.JspParseTag.parseBody(oracle.jsp.parse.JspParseState)
		JspParseTag.java:795
	void oracle.jsp.parse.OpenJspTagHandler.parseBody(oracle.jsp.parse.JspParseState)
		OpenJspTagHandler.java:495
	void oracle.jsp.parse.JspParseTag.parse(oracle.jsp.parse.JspParseState)
		JspParseTag.java:910
	void oracle.jsp.parse.OpenJspTagHandler.parse(oracle.jsp.parse.JspParseState)
		OpenJspTagHandler.java:614
	oracle.jsp.parse.JspParseTag oracle.jsp.parse.JspParseTag.parseNextTag(oracle.jsp.parse.JspParseState)
		JspParseTag.java:686
	void oracle.jsp.parse.JspParseTagFile.parse(oracle.jsp.parse.JspParseState)
		JspParseTagFile.java:181
	int oracle.jsp.parse.OracleJsp2Java.transform(oracle.jsp.parse.Jsp2JavaParms, java.io.Reader, java.io.Writer, java.io.OutputStream, int)
		OracleJsp2Java.java:150
	long oracle.jsp.runtimev2.JspPageCompiler.attemptCompilePage(oracle.jsp.runtimev2.JspPageTable, oracle.jsp.provider.JspResourceProvider, oracle.jsp.provider.JspResourceProvider, oracle.jsp.provider.JspClassProvider, javax.servlet.http.HttpServletRequest, java.lang.String, java.lang.String, boolean)
		JspPageCompiler.java:400
	long oracle.jsp.runtimev2.JspPageCompiler.compilePage(oracle.jsp.runtimev2.JspPageTable, oracle.jsp.provider.JspResourceProvider, oracle.jsp.provider.JspResourceProvider, oracle.jsp.provider.JspClassProvider, javax.servlet.http.HttpServletRequest, javax.servlet.http.HttpServletResponse, java.lang.String, java.lang.String)
		JspPageCompiler.java:245
	oracle.jsp.runtimev2.JspPageInstFacade oracle.jsp.runtimev2.JspPageInfo.compileAndLoad(javax.servlet.http.HttpServletRequest, javax.servlet.http.HttpServletResponse, oracle.jsp.runtimev2.JspPageCompiler, oracle.jsp.provider.JspResourceProvider, oracle.jsp.provider.JspClassProvider)
		JspPageInfo.java:427
	void oracle.jsp.runtimev2.JspPageTable.compileAndServe(oracle.jsp.runtimev2.JspPageInfo, javax.servlet.http.HttpServletRequest, javax.servlet.http.HttpServletResponse)
		JspPageTable.java:510
	void oracle.jsp.runtimev2.JspPageTable.service(javax.servlet.http.HttpServletRequest, javax.servlet.http.HttpServletResponse, java.lang.String)
		JspPageTable.java:272
	void oracle.jsp.runtimev2.JspServlet.internalService(javax.servlet.http.HttpServletRequest, javax.servlet.http.HttpServletResponse)
		JspServlet.java:465
	void oracle.jsp.runtimev2.JspServlet.service(javax.servlet.http.HttpServletRequest, javax.servlet.http.HttpServletResponse)
		JspServlet.java:379
	void javax.servlet.http.HttpServlet.service(javax.servlet.ServletRequest, javax.servlet.ServletResponse)
		HttpServlet.java:853
	void com.evermind.server.http.ServletRequestDispatcher.invoke(javax.servlet.ServletRequest, javax.servlet.ServletResponse)
		ServletRequestDispatcher.java:721
	void com.evermind.server.http.ServletRequestDispatcher.forwardInternal(javax.servlet.ServletRequest, javax.servlet.http.HttpServletResponse)
		ServletRequestDispatcher.java:306
	boolean com.evermind.server.http.HttpRequestHandler.processRequest(com.evermind.server.ApplicationServerThread, com.evermind.server.http.EvermindHttpServletRequest, com.evermind.server.http.EvermindHttpServletResponse, java.io.InputStream, java.io.OutputStream, boolean)
		HttpRequestHandler.java:767
	void com.evermind.server.http.HttpRequestHandler.run(java.lang.Thread)
		HttpRequestHandler.java:259
	void com.evermind.server.http.HttpRequestHandler.run()
		HttpRequestHandler.java:106
	void EDU.oswego.cs.dl.util.concurrent.PooledExecutor$Worker.run()
		PooledExecutor.java:803
	void java.lang.Thread.run()
		Thread.java:484

05-12-19 09:09 PM Grandslam-Proyecto-webapp: 9.0.3.0.0 Stopped
05-12-19 09:09 PM Grandslam-Proyecto-webapp: JDevOJSP: init
05-12-19 09:09 PM Grandslam-Proyecto-webapp: action: init
05-12-19 09:09 PM Grandslam-Proyecto-webapp: 9.0.3.0.0 Started
05-12-19 09:09 PM Started
05-12-19 09:10 PM Grandslam-Proyecto-webapp: JDevOJSP: init
05-12-19 09:10 PM Grandslam-Proyecto-webapp: action: init
05-12-19 09:10 PM Grandslam-Proyecto-webapp: 9.0.3.0.0 Started
05-12-19 09:11 PM Started
05-12-19 09:11 PM Started
05-12-19 09:12 PM Grandslam-Proyecto-webapp: JDevOJSP: init
08-12-19 10:08 PM Started
08-12-19 10:08 PM Grandslam-Proyecto-webapp: JDevOJSP: init
08-12-19 10:08 PM Grandslam-Proyecto-webapp: action: init
08-12-19 10:08 PM Grandslam-Proyecto-webapp: 9.0.3.0.0 Started
08-12-19 10:36 PM Grandslam-Proyecto-webapp: 9.0.3.0.0 Stopped
08-12-19 10:36 PM Started
08-12-19 10:36 PM Grandslam-Proyecto-webapp: JDevOJSP: init
08-12-19 10:36 PM Grandslam-Proyecto-webapp: action: init
08-12-19 10:36 PM Grandslam-Proyecto-webapp: 9.0.3.0.0 Started
08-12-19 10:37 PM Started
08-12-19 10:37 PM Started
08-12-19 10:37 PM Grandslam-Proyecto-webapp: JDevOJSP: init
08-12-19 10:37 PM Grandslam-Proyecto-webapp: action: init
08-12-19 10:37 PM Grandslam-Proyecto-webapp: 9.0.3.0.0 Started
08-12-19 10:37 PM Grandslam-Proyecto-webapp: JDevOJSP: init
08-12-19 10:37 PM Grandslam-Proyecto-webapp: action: init
08-12-19 10:37 PM Grandslam-Proyecto-webapp: 9.0.3.0.0 Started
08-12-19 11:23 PM Started
08-12-19 11:24 PM Grandslam-Proyecto-webapp: JDevOJSP: init
08-12-19 11:24 PM Grandslam-Proyecto-webapp: action: init
08-12-19 11:24 PM Grandslam-Proyecto-webapp: 9.0.3.0.0 Started
08-12-19 11:28 PM Started
08-12-19 11:28 PM Grandslam-Proyecto-webapp: JDevOJSP: init
08-12-19 11:28 PM Grandslam-Proyecto-webapp: action: init
08-12-19 11:28 PM Grandslam-Proyecto-webapp: 9.0.3.0.0 Started
08-12-19 11:28 PM Grandslam-Proyecto-webapp: 9.0.3.0.0 Stopped
08-12-19 11:33 PM Grandslam-Proyecto-webapp: JDevOJSP: init
08-12-19 11:33 PM Grandslam-Proyecto-webapp: action: init
08-12-19 11:33 PM Grandslam-Proyecto-webapp: 9.0.3.0.0 Started
08-12-19 11:34 PM Grandslam-Proyecto-webapp: 9.0.3.0.0 Stopped
08-12-19 11:34 PM Started
08-12-19 11:34 PM Grandslam-Proyecto-webapp: JDevOJSP: init
08-12-19 11:34 PM Grandslam-Proyecto-webapp: action: init
08-12-19 11:34 PM Grandslam-Proyecto-webapp: 9.0.3.0.0 Started
08-12-19 11:34 PM Grandslam-Proyecto-webapp: JDevOJSP: init
08-12-19 11:34 PM Grandslam-Proyecto-webapp: action: init
08-12-19 11:34 PM Grandslam-Proyecto-webapp: 9.0.3.0.0 Started
08-12-19 11:37 PM Started
08-12-19 11:37 PM Grandslam-Proyecto-webapp: JDevOJSP: init
08-12-19 11:37 PM Grandslam-Proyecto-webapp: action: init
08-12-19 11:37 PM Grandslam-Proyecto-webapp: 9.0.3.0.0 Started
08-12-19 11:49 PM Started
08-12-19 11:50 PM Grandslam-Proyecto-webapp: JDevOJSP: init
08-12-19 11:50 PM Grandslam-Proyecto-webapp: action: init
08-12-19 11:50 PM Grandslam-Proyecto-webapp: 9.0.3.0.0 Started
08-12-19 11:50 PM Started
08-12-19 11:51 PM Grandslam-Proyecto-webapp: JDevOJSP: init
08-12-19 11:51 PM Grandslam-Proyecto-webapp: action: init
08-12-19 11:51 PM Grandslam-Proyecto-webapp: 9.0.3.0.0 Started
09-12-19 12:21 AM Started
09-12-19 12:21 AM Grandslam-Proyecto-webapp: JDevOJSP: init
09-12-19 12:21 AM Grandslam-Proyecto-webapp: action: init
09-12-19 12:21 AM Grandslam-Proyecto-webapp: 9.0.3.0.0 Started
09-12-19 12:53 AM Grandslam-Proyecto-webapp: 9.0.3.0.0 Stopped
09-12-19 12:53 AM Started
09-12-19 12:53 AM Grandslam-Proyecto-webapp: JDevOJSP: init
09-12-19 12:53 AM Grandslam-Proyecto-webapp: action: init
09-12-19 12:53 AM Grandslam-Proyecto-webapp: 9.0.3.0.0 Started
09-12-19 12:55 AM Started
09-12-19 12:55 AM Grandslam-Proyecto-webapp: JDevOJSP: init
